[02/08/2024 12:15:46] [org.springframework.security.web.FilterChainProxy] [DEBUG] - Securing POST /cam/login
[02/08/2024 12:15:47] [org.springframework.security.web.authentication.AnonymousAuthenticationFilter] [DEBUG] - Set SecurityContextHolder to anonymous SecurityContext
[02/08/2024 12:15:47] [org.springframework.security.web.FilterChainProxy] [DEBUG] - Secured POST /cam/login
[02/08/2024 12:15:47] [org.springframework.security.authentication.dao.DaoAuthenticationProvider] [DEBUG] - Authenticated user
[02/08/2024 12:15:48] [org.springframework.security.web.FilterChainProxy] [DEBUG] - Securing POST /cam/login
[02/08/2024 12:15:48] [org.springframework.security.web.authentication.AnonymousAuthenticationFilter] [DEBUG] - Set SecurityContextHolder to anonymous SecurityContext
[02/08/2024 12:15:48] [org.springframework.security.web.FilterChainProxy] [DEBUG] - Secured POST /cam/login
[02/08/2024 12:15:48] [org.springframework.security.authentication.dao.DaoAuthenticationProvider] [DEBUG] - Authenticated user
[02/08/2024 12:15:50] [org.springframework.security.web.FilterChainProxy] [DEBUG] - Securing POST /cam/login
[02/08/2024 12:15:50] [org.springframework.security.web.authentication.AnonymousAuthenticationFilter] [DEBUG] - Set SecurityContextHolder to anonymous SecurityContext
[02/08/2024 12:15:50] [org.springframework.security.web.FilterChainProxy] [DEBUG] - Secured POST /cam/login
[02/08/2024 12:15:50] [org.springframework.security.authentication.dao.DaoAuthenticationProvider] [DEBUG] - Authenticated user
[02/08/2024 02:04:04] [org.springframework.security.web.FilterChainProxy] [DEBUG] - Securing POST /cam/login
[02/08/2024 02:04:04] [org.springframework.security.web.authentication.AnonymousAuthenticationFilter] [DEBUG] - Set SecurityContextHolder to anonymous SecurityContext
[02/08/2024 02:04:04] [org.springframework.security.web.FilterChainProxy] [DEBUG] - Secured POST /cam/login
[02/08/2024 02:04:05] [org.springframework.security.authentication.dao.DaoAuthenticationProvider] [DEBUG] - Authenticated user
[02/08/2024 02:10:44] [org.springframework.security.web.FilterChainProxy] [DEBUG] - Securing POST /cam/login
[02/08/2024 02:10:44] [org.springframework.security.web.authentication.AnonymousAuthenticationFilter] [DEBUG] - Set SecurityContextHolder to anonymous SecurityContext
[02/08/2024 02:10:44] [org.springframework.security.web.FilterChainProxy] [DEBUG] - Secured POST /cam/login
[02/08/2024 02:10:44] [org.springframework.security.authentication.dao.DaoAuthenticationProvider] [DEBUG] - Authenticated user
[02/08/2024 02:15:15] [org.springframework.security.web.FilterChainProxy] [DEBUG] - Securing POST /cam/login
[02/08/2024 02:15:15] [org.springframework.security.web.authentication.AnonymousAuthenticationFilter] [DEBUG] - Set SecurityContextHolder to anonymous SecurityContext
[02/08/2024 02:15:15] [org.springframework.security.web.FilterChainProxy] [DEBUG] - Secured POST /cam/login
[02/08/2024 02:15:15] [org.springframework.security.authentication.dao.DaoAuthenticationProvider] [DEBUG] - Authenticated user
[02/08/2024 02:21:47] [org.springframework.security.web.FilterChainProxy] [DEBUG] - Securing POST /cam/login
[02/08/2024 02:21:47] [org.springframework.security.web.authentication.AnonymousAuthenticationFilter] [DEBUG] - Set SecurityContextHolder to anonymous SecurityContext
[02/08/2024 02:21:47] [org.springframework.security.web.FilterChainProxy] [DEBUG] - Secured POST /cam/login
[02/08/2024 02:21:47] [org.springframework.security.authentication.dao.DaoAuthenticationProvider] [DEBUG] - Authenticated user
[02/08/2024 02:50:28] [org.springframework.security.web.FilterChainProxy] [DEBUG] - Securing POST /cam/login
[02/08/2024 02:50:28] [org.springframework.security.web.authentication.AnonymousAuthenticationFilter] [DEBUG] - Set SecurityContextHolder to anonymous SecurityContext
[02/08/2024 02:50:28] [org.springframework.security.web.FilterChainProxy] [DEBUG] - Secured POST /cam/login
[02/08/2024 02:50:29] [org.springframework.security.authentication.dao.DaoAuthenticationProvider] [DEBUG] - Authenticated user
[02/08/2024 02:55:05] [org.springframework.security.web.FilterChainProxy] [DEBUG] - Securing POST /cam/login
[02/08/2024 02:55:05] [org.springframework.security.web.authentication.AnonymousAuthenticationFilter] [DEBUG] - Set SecurityContextHolder to anonymous SecurityContext
[02/08/2024 02:55:05] [org.springframework.security.web.FilterChainProxy] [DEBUG] - Secured POST /cam/login
[02/08/2024 02:55:05] [org.springframework.security.authentication.dao.DaoAuthenticationProvider] [DEBUG] - Authenticated user
[02/08/2024 03:18:23] [org.springframework.security.web.FilterChainProxy] [DEBUG] - Securing POST /cam/login
[02/08/2024 03:18:23] [org.springframework.security.web.authentication.AnonymousAuthenticationFilter] [DEBUG] - Set SecurityContextHolder to anonymous SecurityContext
[02/08/2024 03:18:23] [org.springframework.security.web.FilterChainProxy] [DEBUG] - Secured POST /cam/login
[02/08/2024 03:18:23] [org.springframework.security.authentication.dao.DaoAuthenticationProvider] [DEBUG] - Authenticated user
[02/08/2024 03:33:17] [org.springframework.security.web.FilterChainProxy] [DEBUG] - Securing POST /cam/login
[02/08/2024 03:33:17] [org.springframework.security.web.authentication.AnonymousAuthenticationFilter] [DEBUG] - Set SecurityContextHolder to anonymous SecurityContext
[02/08/2024 03:33:17] [org.springframework.security.web.FilterChainProxy] [DEBUG] - Secured POST /cam/login
[02/08/2024 03:33:17] [org.springframework.security.authentication.dao.DaoAuthenticationProvider] [DEBUG] - Authenticated user
[02/08/2024 03:43:00] [org.springframework.security.web.FilterChainProxy] [DEBUG] - Securing POST /cam/login
[02/08/2024 03:43:00] [org.springframework.security.web.authentication.AnonymousAuthenticationFilter] [DEBUG] - Set SecurityContextHolder to anonymous SecurityContext
[02/08/2024 03:43:00] [org.springframework.security.web.FilterChainProxy] [DEBUG] - Secured POST /cam/login
[02/08/2024 03:43:00] [org.springframework.security.authentication.dao.DaoAuthenticationProvider] [DEBUG] - Authenticated user
[02/08/2024 03:53:43] [org.springframework.security.web.FilterChainProxy] [DEBUG] - Securing POST /cam/login
[02/08/2024 03:53:43] [org.springframework.security.web.authentication.AnonymousAuthenticationFilter] [DEBUG] - Set SecurityContextHolder to anonymous SecurityContext
[02/08/2024 03:53:43] [org.springframework.security.web.FilterChainProxy] [DEBUG] - Secured POST /cam/login
[02/08/2024 03:53:44] [org.springframework.security.authentication.dao.DaoAuthenticationProvider] [DEBUG] - Authenticated user
[02/08/2024 03:55:55] [org.springframework.security.web.FilterChainProxy] [DEBUG] - Securing POST /cam/login
[02/08/2024 03:55:55] [org.springframework.security.web.authentication.AnonymousAuthenticationFilter] [DEBUG] - Set SecurityContextHolder to anonymous SecurityContext
[02/08/2024 03:55:55] [org.springframework.security.web.FilterChainProxy] [DEBUG] - Secured POST /cam/login
[02/08/2024 03:55:55] [org.springframework.security.authentication.dao.DaoAuthenticationProvider] [DEBUG] - Authenticated user
[02/08/2024 04:06:07] [org.springframework.security.web.FilterChainProxy] [DEBUG] - Securing POST /cam/login
[02/08/2024 04:06:07] [org.springframework.security.web.authentication.AnonymousAuthenticationFilter] [DEBUG] - Set SecurityContextHolder to anonymous SecurityContext
[02/08/2024 04:06:07] [org.springframework.security.web.FilterChainProxy] [DEBUG] - Secured POST /cam/login
[02/08/2024 04:06:07] [org.springframework.security.authentication.dao.DaoAuthenticationProvider] [DEBUG] - Authenticated user
[02/08/2024 04:28:49] [org.springframework.security.web.FilterChainProxy] [DEBUG] - Securing POST /cam/login
[02/08/2024 04:28:49] [org.springframework.security.web.authentication.AnonymousAuthenticationFilter] [DEBUG] - Set SecurityContextHolder to anonymous SecurityContext
[02/08/2024 04:28:49] [org.springframework.security.web.FilterChainProxy] [DEBUG] - Secured POST /cam/login
[02/08/2024 04:28:49] [org.springframework.security.authentication.dao.DaoAuthenticationProvider] [DEBUG] - Authenticated user
[02/08/2024 04:46:00] [org.springframework.security.web.FilterChainProxy] [DEBUG] - Securing POST /cam/login
[02/08/2024 04:46:00] [org.springframework.security.web.authentication.AnonymousAuthenticationFilter] [DEBUG] - Set SecurityContextHolder to anonymous SecurityContext
[02/08/2024 04:46:00] [org.springframework.security.web.FilterChainProxy] [DEBUG] - Secured POST /cam/login
[02/08/2024 04:46:00] [org.springframework.security.authentication.dao.DaoAuthenticationProvider] [DEBUG] - Authenticated user
[02/08/2024 05:04:09] [org.springframework.security.web.FilterChainProxy] [DEBUG] - Securing POST /cam/login
[02/08/2024 05:04:09] [org.springframework.security.web.authentication.AnonymousAuthenticationFilter] [DEBUG] - Set SecurityContextHolder to anonymous SecurityContext
[02/08/2024 05:04:09] [org.springframework.security.web.FilterChainProxy] [DEBUG] - Secured POST /cam/login
[02/08/2024 05:04:09] [org.springframework.security.authentication.dao.DaoAuthenticationProvider] [DEBUG] - Authenticated user
[02/08/2024 05:04:56] [org.springframework.security.web.FilterChainProxy] [DEBUG] - Securing POST /cam/login
[02/08/2024 05:04:56] [org.springframework.security.web.authentication.AnonymousAuthenticationFilter] [DEBUG] - Set SecurityContextHolder to anonymous SecurityContext
[02/08/2024 05:04:56] [org.springframework.security.web.FilterChainProxy] [DEBUG] - Secured POST /cam/login
[02/08/2024 05:04:56] [org.springframework.security.authentication.dao.DaoAuthenticationProvider] [DEBUG] - Authenticated user
[02/08/2024 05:09:15] [org.springframework.security.web.FilterChainProxy] [DEBUG] - Securing POST /cam/login
[02/08/2024 05:09:15] [org.springframework.security.web.authentication.AnonymousAuthenticationFilter] [DEBUG] - Set SecurityContextHolder to anonymous SecurityContext
[02/08/2024 05:09:15] [org.springframework.security.web.FilterChainProxy] [DEBUG] - Secured POST /cam/login
[02/08/2024 05:09:15] [org.springframework.security.authentication.dao.DaoAuthenticationProvider] [DEBUG] - Authenticated user
[02/08/2024 05:12:32] [org.springframework.security.web.FilterChainProxy] [DEBUG] - Securing POST /cam/login
[02/08/2024 05:12:32] [org.springframework.security.web.authentication.AnonymousAuthenticationFilter] [DEBUG] - Set SecurityContextHolder to anonymous SecurityContext
[02/08/2024 05:12:32] [org.springframework.security.web.FilterChainProxy] [DEBUG] - Secured POST /cam/login
[02/08/2024 05:12:32] [org.springframework.security.authentication.dao.DaoAuthenticationProvider] [DEBUG] - Authenticated user
[02/08/2024 05:15:01] [org.springframework.security.web.FilterChainProxy] [DEBUG] - Securing POST /cam/register
[02/08/2024 05:15:01] [org.springframework.security.web.authentication.AnonymousAuthenticationFilter] [DEBUG] - Set SecurityContextHolder to anonymous SecurityContext
[02/08/2024 05:15:01] [org.springframework.security.web.FilterChainProxy] [DEBUG] - Secured POST /cam/register
[02/08/2024 05:15:08] [org.springframework.security.web.FilterChainProxy] [DEBUG] - Securing POST /cam/login
[02/08/2024 05:15:08] [org.springframework.security.web.authentication.AnonymousAuthenticationFilter] [DEBUG] - Set SecurityContextHolder to anonymous SecurityContext
[02/08/2024 05:15:08] [org.springframework.security.web.FilterChainProxy] [DEBUG] - Secured POST /cam/login
[02/08/2024 05:15:08] [org.springframework.security.authentication.dao.DaoAuthenticationProvider] [DEBUG] - Authenticated user
[02/08/2024 05:24:58] [org.springframework.security.web.FilterChainProxy] [DEBUG] - Securing POST /cam/register
[02/08/2024 05:24:58] [org.springframework.security.web.authentication.AnonymousAuthenticationFilter] [DEBUG] - Set SecurityContextHolder to anonymous SecurityContext
[02/08/2024 05:24:58] [org.springframework.security.web.FilterChainProxy] [DEBUG] - Secured POST /cam/register
[02/08/2024 05:24:59] [org.hibernate.engine.jdbc.spi.SqlExceptionHelper] [WARN ] - SQL Error: 0, SQLState: 23505
[02/08/2024 05:24:59] [org.hibernate.engine.jdbc.spi.SqlExceptionHelper] [ERROR] - ERROR: llave duplicada viola restricción de unicidad «usuario_username_key»
  Detail: Ya existe la llave (username)=(Juan).
[02/08/2024 05:24:59] [org.apache.catalina.core.ContainerBase.[Tomcat-1].[localhost].[/].[dispatcherServlet]] [ERROR] - Servlet.service() for servlet [dispatcherServlet] in context with path [] threw exception [Request processing failed: org.springframework.dao.DataIntegrityViolationException: could not execute statement [ERROR: llave duplicada viola restricción de unicidad «usuario_username_key»
  Detail: Ya existe la llave (username)=(Juan).] [insert into usuario (enabled,firstname,lastname,password,phone_number,rfc,role,sex,username) values (?,?,?,?,?,?,?,?,?) returning id]; SQL [insert into usuario (enabled,firstname,lastname,password,phone_number,rfc,role,sex,username) values (?,?,?,?,?,?,?,?,?) returning id]; constraint [null]] with root cause
org.postgresql.util.PSQLException: ERROR: llave duplicada viola restricción de unicidad «usuario_username_key»
  Detail: Ya existe la llave (username)=(Juan).
	at org.postgresql.core.v3.QueryExecutorImpl.receiveErrorResponse(QueryExecutorImpl.java:2725) ~[postgresql-42.7.3.jar:42.7.3]
	at org.postgresql.core.v3.QueryExecutorImpl.processResults(QueryExecutorImpl.java:2412) ~[postgresql-42.7.3.jar:42.7.3]
	at org.postgresql.core.v3.QueryExecutorImpl.execute(QueryExecutorImpl.java:371) ~[postgresql-42.7.3.jar:42.7.3]
	at org.postgresql.jdbc.PgStatement.executeInternal(PgStatement.java:502) ~[postgresql-42.7.3.jar:42.7.3]
	at org.postgresql.jdbc.PgStatement.execute(PgStatement.java:419) ~[postgresql-42.7.3.jar:42.7.3]
	at org.postgresql.jdbc.PgPreparedStatement.executeWithFlags(PgPreparedStatement.java:194) ~[postgresql-42.7.3.jar:42.7.3]
	at org.postgresql.jdbc.PgPreparedStatement.execute(PgPreparedStatement.java:180) ~[postgresql-42.7.3.jar:42.7.3]
	at com.zaxxer.hikari.pool.ProxyPreparedStatement.execute(ProxyPreparedStatement.java:44) ~[HikariCP-5.1.0.jar:na]
	at com.zaxxer.hikari.pool.HikariProxyPreparedStatement.execute(HikariProxyPreparedStatement.java) ~[HikariCP-5.1.0.jar:na]
	at org.hibernate.engine.jdbc.internal.ResultSetReturnImpl.execute(ResultSetReturnImpl.java:129) ~[hibernate-core-6.5.2.Final.jar:6.5.2.Final]
	at org.hibernate.id.insert.InsertReturningDelegate.executeAndExtractReturning(InsertReturningDelegate.java:96) ~[hibernate-core-6.5.2.Final.jar:6.5.2.Final]
	at org.hibernate.id.insert.AbstractReturningDelegate.performMutation(AbstractReturningDelegate.java:58) ~[hibernate-core-6.5.2.Final.jar:6.5.2.Final]
	at org.hibernate.engine.jdbc.mutation.internal.MutationExecutorSingleNonBatched.performNonBatchedOperations(MutationExecutorSingleNonBatched.java:47) ~[hibernate-core-6.5.2.Final.jar:6.5.2.Final]
	at org.hibernate.engine.jdbc.mutation.internal.AbstractMutationExecutor.execute(AbstractMutationExecutor.java:55) ~[hibernate-core-6.5.2.Final.jar:6.5.2.Final]
	at org.hibernate.persister.entity.mutation.InsertCoordinatorStandard.doStaticInserts(InsertCoordinatorStandard.java:194) ~[hibernate-core-6.5.2.Final.jar:6.5.2.Final]
	at org.hibernate.persister.entity.mutation.InsertCoordinatorStandard.coordinateInsert(InsertCoordinatorStandard.java:132) ~[hibernate-core-6.5.2.Final.jar:6.5.2.Final]
	at org.hibernate.persister.entity.mutation.InsertCoordinatorStandard.insert(InsertCoordinatorStandard.java:95) ~[hibernate-core-6.5.2.Final.jar:6.5.2.Final]
	at org.hibernate.action.internal.EntityIdentityInsertAction.execute(EntityIdentityInsertAction.java:85) ~[hibernate-core-6.5.2.Final.jar:6.5.2.Final]
	at org.hibernate.engine.spi.ActionQueue.execute(ActionQueue.java:670) ~[hibernate-core-6.5.2.Final.jar:6.5.2.Final]
	at org.hibernate.engine.spi.ActionQueue.addResolvedEntityInsertAction(ActionQueue.java:291) ~[hibernate-core-6.5.2.Final.jar:6.5.2.Final]
	at org.hibernate.engine.spi.ActionQueue.addInsertAction(ActionQueue.java:272) ~[hibernate-core-6.5.2.Final.jar:6.5.2.Final]
	at org.hibernate.engine.spi.ActionQueue.addAction(ActionQueue.java:322) ~[hibernate-core-6.5.2.Final.jar:6.5.2.Final]
	at org.hibernate.event.internal.AbstractSaveEventListener.addInsertAction(AbstractSaveEventListener.java:391) ~[hibernate-core-6.5.2.Final.jar:6.5.2.Final]
	at org.hibernate.event.internal.AbstractSaveEventListener.performSaveOrReplicate(AbstractSaveEventListener.java:305) ~[hibernate-core-6.5.2.Final.jar:6.5.2.Final]
	at org.hibernate.event.internal.AbstractSaveEventListener.performSave(AbstractSaveEventListener.java:224) ~[hibernate-core-6.5.2.Final.jar:6.5.2.Final]
	at org.hibernate.event.internal.AbstractSaveEventListener.saveWithGeneratedId(AbstractSaveEventListener.java:137) ~[hibernate-core-6.5.2.Final.jar:6.5.2.Final]
	at org.hibernate.event.internal.DefaultPersistEventListener.entityIsTransient(DefaultPersistEventListener.java:175) ~[hibernate-core-6.5.2.Final.jar:6.5.2.Final]
	at org.hibernate.event.internal.DefaultPersistEventListener.persist(DefaultPersistEventListener.java:93) ~[hibernate-core-6.5.2.Final.jar:6.5.2.Final]
	at org.hibernate.event.internal.DefaultPersistEventListener.onPersist(DefaultPersistEventListener.java:77) ~[hibernate-core-6.5.2.Final.jar:6.5.2.Final]
	at org.hibernate.event.internal.DefaultPersistEventListener.onPersist(DefaultPersistEventListener.java:54) ~[hibernate-core-6.5.2.Final.jar:6.5.2.Final]
	at org.hibernate.event.service.internal.EventListenerGroupImpl.fireEventOnEachListener(EventListenerGroupImpl.java:127) ~[hibernate-core-6.5.2.Final.jar:6.5.2.Final]
	at org.hibernate.internal.SessionImpl.firePersist(SessionImpl.java:757) ~[hibernate-core-6.5.2.Final.jar:6.5.2.Final]
	at org.hibernate.internal.SessionImpl.persist(SessionImpl.java:741) ~[hibernate-core-6.5.2.Final.jar:6.5.2.Final]
	at java.base/jdk.internal.reflect.DirectMethodHandleAccessor.invoke(DirectMethodHandleAccessor.java:103) ~[na:na]
	at java.base/java.lang.reflect.Method.invoke(Method.java:580) ~[na:na]
	at org.springframework.orm.jpa.ExtendedEntityManagerCreator$ExtendedEntityManagerInvocationHandler.invoke(ExtendedEntityManagerCreator.java:364) ~[spring-orm-6.1.11.jar:6.1.11]
	at jdk.proxy14/jdk.proxy14.$Proxy151.persist(Unknown Source) ~[na:na]
	at java.base/jdk.internal.reflect.DirectMethodHandleAccessor.invoke(DirectMethodHandleAccessor.java:103) ~[na:na]
	at java.base/java.lang.reflect.Method.invoke(Method.java:580) ~[na:na]
	at org.springframework.orm.jpa.SharedEntityManagerCreator$SharedEntityManagerInvocationHandler.invoke(SharedEntityManagerCreator.java:319) ~[spring-orm-6.1.11.jar:6.1.11]
	at jdk.proxy14/jdk.proxy14.$Proxy151.persist(Unknown Source) ~[na:na]
	at org.springframework.data.jpa.repository.support.SimpleJpaRepository.save(SimpleJpaRepository.java:629) ~[spring-data-jpa-3.3.2.jar:3.3.2]
	at java.base/jdk.internal.reflect.DirectMethodHandleAccessor.invoke(DirectMethodHandleAccessor.java:103) ~[na:na]
	at java.base/java.lang.reflect.Method.invoke(Method.java:580) ~[na:na]
	at org.springframework.aop.support.AopUtils.invokeJoinpointUsingReflection(AopUtils.java:354) ~[spring-aop-6.1.11.jar:6.1.11]
	at org.springframework.data.repository.core.support.RepositoryMethodInvoker$RepositoryFragmentMethodInvoker.lambda$new$0(RepositoryMethodInvoker.java:277) ~[spring-data-commons-3.3.2.jar:3.3.2]
	at org.springframework.data.repository.core.support.RepositoryMethodInvoker.doInvoke(RepositoryMethodInvoker.java:170) ~[spring-data-commons-3.3.2.jar:3.3.2]
	at org.springframework.data.repository.core.support.RepositoryMethodInvoker.invoke(RepositoryMethodInvoker.java:158) ~[spring-data-commons-3.3.2.jar:3.3.2]
	at org.springframework.data.repository.core.support.RepositoryComposition$RepositoryFragments.invoke(RepositoryComposition.java:516) ~[spring-data-commons-3.3.2.jar:3.3.2]
	at org.springframework.data.repository.core.support.RepositoryComposition.invoke(RepositoryComposition.java:285) ~[spring-data-commons-3.3.2.jar:3.3.2]
	at org.springframework.data.repository.core.support.RepositoryFactorySupport$ImplementationMethodExecutionInterceptor.invoke(RepositoryFactorySupport.java:628) ~[spring-data-commons-3.3.2.jar:3.3.2]
	at org.springframework.aop.framework.ReflectiveMethodInvocation.proceed(ReflectiveMethodInvocation.java:184) ~[spring-aop-6.1.11.jar:6.1.11]
	at org.springframework.data.repository.core.support.QueryExecutorMethodInterceptor.doInvoke(QueryExecutorMethodInterceptor.java:168) ~[spring-data-commons-3.3.2.jar:3.3.2]
	at org.springframework.data.repository.core.support.QueryExecutorMethodInterceptor.invoke(QueryExecutorMethodInterceptor.java:143) ~[spring-data-commons-3.3.2.jar:3.3.2]
	at org.springframework.aop.framework.ReflectiveMethodInvocation.proceed(ReflectiveMethodInvocation.java:184) ~[spring-aop-6.1.11.jar:6.1.11]
	at org.springframework.data.projection.DefaultMethodInvokingMethodInterceptor.invoke(DefaultMethodInvokingMethodInterceptor.java:70) ~[spring-data-commons-3.3.2.jar:3.3.2]
	at org.springframework.aop.framework.ReflectiveMethodInvocation.proceed(ReflectiveMethodInvocation.java:184) ~[spring-aop-6.1.11.jar:6.1.11]
	at org.springframework.transaction.interceptor.TransactionAspectSupport.invokeWithinTransaction(TransactionAspectSupport.java:379) ~[spring-tx-6.1.11.jar:6.1.11]
	at org.springframework.transaction.interceptor.TransactionInterceptor.invoke(TransactionInterceptor.java:119) ~[spring-tx-6.1.11.jar:6.1.11]
	at org.springframework.aop.framework.ReflectiveMethodInvocation.proceed(ReflectiveMethodInvocation.java:184) ~[spring-aop-6.1.11.jar:6.1.11]
	at org.springframework.dao.support.PersistenceExceptionTranslationInterceptor.invoke(PersistenceExceptionTranslationInterceptor.java:138) ~[spring-tx-6.1.11.jar:6.1.11]
	at org.springframework.aop.framework.ReflectiveMethodInvocation.proceed(ReflectiveMethodInvocation.java:184) ~[spring-aop-6.1.11.jar:6.1.11]
	at org.springframework.data.jpa.repository.support.CrudMethodMetadataPostProcessor$CrudMethodMetadataPopulatingMethodInterceptor.invoke(CrudMethodMetadataPostProcessor.java:165) ~[spring-data-jpa-3.3.2.jar:3.3.2]
	at org.springframework.aop.framework.ReflectiveMethodInvocation.proceed(ReflectiveMethodInvocation.java:184) ~[spring-aop-6.1.11.jar:6.1.11]
	at org.springframework.aop.interceptor.ExposeInvocationInterceptor.invoke(ExposeInvocationInterceptor.java:97) ~[spring-aop-6.1.11.jar:6.1.11]
	at org.springframework.aop.framework.ReflectiveMethodInvocation.proceed(ReflectiveMethodInvocation.java:184) ~[spring-aop-6.1.11.jar:6.1.11]
	at org.springframework.aop.framework.JdkDynamicAopProxy.invoke(JdkDynamicAopProxy.java:223) ~[spring-aop-6.1.11.jar:6.1.11]
	at jdk.proxy14/jdk.proxy14.$Proxy153.save(Unknown Source) ~[na:na]
	at ACCES.CAMILA.CamilaBack.ServicesImpl.AuthService.register(AuthService.java:58) ~[classes/:na]
	at ACCES.CAMILA.CamilaBack.Acces.AuthController.register(AuthController.java:36) ~[classes/:na]
	at java.base/jdk.internal.reflect.DirectMethodHandleAccessor.invoke(DirectMethodHandleAccessor.java:103) ~[na:na]
	at java.base/java.lang.reflect.Method.invoke(Method.java:580) ~[na:na]
	at org.springframework.web.method.support.InvocableHandlerMethod.doInvoke(InvocableHandlerMethod.java:255) ~[spring-web-6.1.11.jar:6.1.11]
	at org.springframework.web.method.support.InvocableHandlerMethod.invokeForRequest(InvocableHandlerMethod.java:188) ~[spring-web-6.1.11.jar:6.1.11]
	at org.springframework.web.servlet.mvc.method.annotation.ServletInvocableHandlerMethod.invokeAndHandle(ServletInvocableHandlerMethod.java:118) ~[spring-webmvc-6.1.11.jar:6.1.11]
	at org.springframework.web.servlet.mvc.method.annotation.RequestMappingHandlerAdapter.invokeHandlerMethod(RequestMappingHandlerAdapter.java:926) ~[spring-webmvc-6.1.11.jar:6.1.11]
	at org.springframework.web.servlet.mvc.method.annotation.RequestMappingHandlerAdapter.handleInternal(RequestMappingHandlerAdapter.java:831) ~[spring-webmvc-6.1.11.jar:6.1.11]
	at org.springframework.web.servlet.mvc.method.AbstractHandlerMethodAdapter.handle(AbstractHandlerMethodAdapter.java:87) ~[spring-webmvc-6.1.11.jar:6.1.11]
	at org.springframework.web.servlet.DispatcherServlet.doDispatch(DispatcherServlet.java:1089) ~[spring-webmvc-6.1.11.jar:6.1.11]
	at org.springframework.web.servlet.DispatcherServlet.doService(DispatcherServlet.java:979) ~[spring-webmvc-6.1.11.jar:6.1.11]
	at org.springframework.web.servlet.FrameworkServlet.processRequest(FrameworkServlet.java:1014) ~[spring-webmvc-6.1.11.jar:6.1.11]
	at org.springframework.web.servlet.FrameworkServlet.doPost(FrameworkServlet.java:914) ~[spring-webmvc-6.1.11.jar:6.1.11]
	at jakarta.servlet.http.HttpServlet.service(HttpServlet.java:590) ~[tomcat-embed-core-10.1.26.jar:10.1.26]
	at org.springframework.web.servlet.FrameworkServlet.service(FrameworkServlet.java:885) ~[spring-webmvc-6.1.11.jar:6.1.11]
	at jakarta.servlet.http.HttpServlet.service(HttpServlet.java:658) ~[tomcat-embed-core-10.1.26.jar:10.1.26]
	at org.apache.catalina.core.ApplicationFilterChain.internalDoFilter(ApplicationFilterChain.java:195) ~[tomcat-embed-core-10.1.26.jar:10.1.26]
	at org.apache.catalina.core.ApplicationFilterChain.doFilter(ApplicationFilterChain.java:140) ~[tomcat-embed-core-10.1.26.jar:10.1.26]
	at org.apache.tomcat.websocket.server.WsFilter.doFilter(WsFilter.java:51) ~[tomcat-embed-websocket-10.1.26.jar:10.1.26]
	at org.apache.catalina.core.ApplicationFilterChain.internalDoFilter(ApplicationFilterChain.java:164) ~[tomcat-embed-core-10.1.26.jar:10.1.26]
	at org.apache.catalina.core.ApplicationFilterChain.doFilter(ApplicationFilterChain.java:140) ~[tomcat-embed-core-10.1.26.jar:10.1.26]
	at org.springframework.web.filter.OncePerRequestFilter.doFilter(OncePerRequestFilter.java:110) ~[spring-web-6.1.11.jar:6.1.11]
	at org.apache.catalina.core.ApplicationFilterChain.internalDoFilter(ApplicationFilterChain.java:164) ~[tomcat-embed-core-10.1.26.jar:10.1.26]
	at org.apache.catalina.core.ApplicationFilterChain.doFilter(ApplicationFilterChain.java:140) ~[tomcat-embed-core-10.1.26.jar:10.1.26]
	at org.springframework.web.filter.CompositeFilter$VirtualFilterChain.doFilter(CompositeFilter.java:108) ~[spring-web-6.1.11.jar:6.1.11]
	at org.springframework.security.web.FilterChainProxy.lambda$doFilterInternal$3(FilterChainProxy.java:231) ~[spring-security-web-6.3.1.jar:6.3.1]
	at org.springframework.security.web.FilterChainProxy$VirtualFilterChain.doFilter(FilterChainProxy.java:365) ~[spring-security-web-6.3.1.jar:6.3.1]
	at org.springframework.security.web.access.intercept.AuthorizationFilter.doFilter(AuthorizationFilter.java:100) ~[spring-security-web-6.3.1.jar:6.3.1]
	at org.springframework.security.web.FilterChainProxy$VirtualFilterChain.doFilter(FilterChainProxy.java:374) ~[spring-security-web-6.3.1.jar:6.3.1]
	at org.springframework.security.web.access.ExceptionTranslationFilter.doFilter(ExceptionTranslationFilter.java:126) ~[spring-security-web-6.3.1.jar:6.3.1]
	at org.springframework.security.web.access.ExceptionTranslationFilter.doFilter(ExceptionTranslationFilter.java:120) ~[spring-security-web-6.3.1.jar:6.3.1]
	at org.springframework.security.web.FilterChainProxy$VirtualFilterChain.doFilter(FilterChainProxy.java:374) ~[spring-security-web-6.3.1.jar:6.3.1]
	at org.springframework.security.web.session.SessionManagementFilter.doFilter(SessionManagementFilter.java:131) ~[spring-security-web-6.3.1.jar:6.3.1]
	at org.springframework.security.web.session.SessionManagementFilter.doFilter(SessionManagementFilter.java:85) ~[spring-security-web-6.3.1.jar:6.3.1]
	at org.springframework.security.web.FilterChainProxy$VirtualFilterChain.doFilter(FilterChainProxy.java:374) ~[spring-security-web-6.3.1.jar:6.3.1]
	at org.springframework.security.web.authentication.AnonymousAuthenticationFilter.doFilter(AnonymousAuthenticationFilter.java:100) ~[spring-security-web-6.3.1.jar:6.3.1]
	at org.springframework.security.web.FilterChainProxy$VirtualFilterChain.doFilter(FilterChainProxy.java:374) ~[spring-security-web-6.3.1.jar:6.3.1]
	at org.springframework.security.web.servletapi.SecurityContextHolderAwareRequestFilter.doFilter(SecurityContextHolderAwareRequestFilter.java:179) ~[spring-security-web-6.3.1.jar:6.3.1]
	at org.springframework.security.web.FilterChainProxy$VirtualFilterChain.doFilter(FilterChainProxy.java:374) ~[spring-security-web-6.3.1.jar:6.3.1]
	at org.springframework.security.web.savedrequest.RequestCacheAwareFilter.doFilter(RequestCacheAwareFilter.java:63) ~[spring-security-web-6.3.1.jar:6.3.1]
	at org.springframework.security.web.FilterChainProxy$VirtualFilterChain.doFilter(FilterChainProxy.java:374) ~[spring-security-web-6.3.1.jar:6.3.1]
	at ACCES.CAMILA.CamilaBack.JWT.JwtAuthenticationFilter.doFilterInternal(JwtAuthenticationFilter.java:38) ~[classes/:na]
	at org.springframework.web.filter.OncePerRequestFilter.doFilter(OncePerRequestFilter.java:116) ~[spring-web-6.1.11.jar:6.1.11]
	at org.springframework.security.web.FilterChainProxy$VirtualFilterChain.doFilter(FilterChainProxy.java:374) ~[spring-security-web-6.3.1.jar:6.3.1]
	at org.springframework.security.web.authentication.logout.LogoutFilter.doFilter(LogoutFilter.java:107) ~[spring-security-web-6.3.1.jar:6.3.1]
	at org.springframework.security.web.authentication.logout.LogoutFilter.doFilter(LogoutFilter.java:93) ~[spring-security-web-6.3.1.jar:6.3.1]
	at org.springframework.security.web.FilterChainProxy$VirtualFilterChain.doFilter(FilterChainProxy.java:374) ~[spring-security-web-6.3.1.jar:6.3.1]
	at org.springframework.web.filter.CorsFilter.doFilterInternal(CorsFilter.java:91) ~[spring-web-6.1.11.jar:6.1.11]
	at org.springframework.web.filter.OncePerRequestFilter.doFilter(OncePerRequestFilter.java:116) ~[spring-web-6.1.11.jar:6.1.11]
	at org.springframework.security.web.FilterChainProxy$VirtualFilterChain.doFilter(FilterChainProxy.java:374) ~[spring-security-web-6.3.1.jar:6.3.1]
	at org.springframework.security.web.header.HeaderWriterFilter.doHeadersAfter(HeaderWriterFilter.java:90) ~[spring-security-web-6.3.1.jar:6.3.1]
	at org.springframework.security.web.header.HeaderWriterFilter.doFilterInternal(HeaderWriterFilter.java:75) ~[spring-security-web-6.3.1.jar:6.3.1]
	at org.springframework.web.filter.OncePerRequestFilter.doFilter(OncePerRequestFilter.java:116) ~[spring-web-6.1.11.jar:6.1.11]
	at org.springframework.security.web.FilterChainProxy$VirtualFilterChain.doFilter(FilterChainProxy.java:374) ~[spring-security-web-6.3.1.jar:6.3.1]
	at org.springframework.security.web.context.SecurityContextHolderFilter.doFilter(SecurityContextHolderFilter.java:82) ~[spring-security-web-6.3.1.jar:6.3.1]
	at org.springframework.security.web.context.SecurityContextHolderFilter.doFilter(SecurityContextHolderFilter.java:69) ~[spring-security-web-6.3.1.jar:6.3.1]
	at org.springframework.security.web.FilterChainProxy$VirtualFilterChain.doFilter(FilterChainProxy.java:374) ~[spring-security-web-6.3.1.jar:6.3.1]
	at org.springframework.security.web.context.request.async.WebAsyncManagerIntegrationFilter.doFilterInternal(WebAsyncManagerIntegrationFilter.java:62) ~[spring-security-web-6.3.1.jar:6.3.1]
	at org.springframework.web.filter.OncePerRequestFilter.doFilter(OncePerRequestFilter.java:116) ~[spring-web-6.1.11.jar:6.1.11]
	at org.springframework.security.web.FilterChainProxy$VirtualFilterChain.doFilter(FilterChainProxy.java:374) ~[spring-security-web-6.3.1.jar:6.3.1]
	at org.springframework.security.web.session.DisableEncodeUrlFilter.doFilterInternal(DisableEncodeUrlFilter.java:42) ~[spring-security-web-6.3.1.jar:6.3.1]
	at org.springframework.web.filter.OncePerRequestFilter.doFilter(OncePerRequestFilter.java:116) ~[spring-web-6.1.11.jar:6.1.11]
	at org.springframework.security.web.FilterChainProxy$VirtualFilterChain.doFilter(FilterChainProxy.java:374) ~[spring-security-web-6.3.1.jar:6.3.1]
	at org.springframework.security.web.FilterChainProxy.doFilterInternal(FilterChainProxy.java:233) ~[spring-security-web-6.3.1.jar:6.3.1]
	at org.springframework.security.web.FilterChainProxy.doFilter(FilterChainProxy.java:191) ~[spring-security-web-6.3.1.jar:6.3.1]
	at org.springframework.web.filter.CompositeFilter$VirtualFilterChain.doFilter(CompositeFilter.java:113) ~[spring-web-6.1.11.jar:6.1.11]
	at org.springframework.web.servlet.handler.HandlerMappingIntrospector.lambda$createCacheFilter$3(HandlerMappingIntrospector.java:195) ~[spring-webmvc-6.1.11.jar:6.1.11]
	at org.springframework.web.filter.CompositeFilter$VirtualFilterChain.doFilter(CompositeFilter.java:113) ~[spring-web-6.1.11.jar:6.1.11]
	at org.springframework.web.filter.CompositeFilter.doFilter(CompositeFilter.java:74) ~[spring-web-6.1.11.jar:6.1.11]
	at org.springframework.security.config.annotation.web.configuration.WebMvcSecurityConfiguration$CompositeFilterChainProxy.doFilter(WebMvcSecurityConfiguration.java:230) ~[spring-security-config-6.3.1.jar:6.3.1]
	at org.springframework.web.filter.DelegatingFilterProxy.invokeDelegate(DelegatingFilterProxy.java:352) ~[spring-web-6.1.11.jar:6.1.11]
	at org.springframework.web.filter.DelegatingFilterProxy.doFilter(DelegatingFilterProxy.java:268) ~[spring-web-6.1.11.jar:6.1.11]
	at org.apache.catalina.core.ApplicationFilterChain.internalDoFilter(ApplicationFilterChain.java:164) ~[tomcat-embed-core-10.1.26.jar:10.1.26]
	at org.apache.catalina.core.ApplicationFilterChain.doFilter(ApplicationFilterChain.java:140) ~[tomcat-embed-core-10.1.26.jar:10.1.26]
	at org.springframework.web.filter.RequestContextFilter.doFilterInternal(RequestContextFilter.java:100) ~[spring-web-6.1.11.jar:6.1.11]
	at org.springframework.web.filter.OncePerRequestFilter.doFilter(OncePerRequestFilter.java:116) ~[spring-web-6.1.11.jar:6.1.11]
	at org.apache.catalina.core.ApplicationFilterChain.internalDoFilter(ApplicationFilterChain.java:164) ~[tomcat-embed-core-10.1.26.jar:10.1.26]
	at org.apache.catalina.core.ApplicationFilterChain.doFilter(ApplicationFilterChain.java:140) ~[tomcat-embed-core-10.1.26.jar:10.1.26]
	at org.springframework.web.filter.FormContentFilter.doFilterInternal(FormContentFilter.java:93) ~[spring-web-6.1.11.jar:6.1.11]
	at org.springframework.web.filter.OncePerRequestFilter.doFilter(OncePerRequestFilter.java:116) ~[spring-web-6.1.11.jar:6.1.11]
	at org.apache.catalina.core.ApplicationFilterChain.internalDoFilter(ApplicationFilterChain.java:164) ~[tomcat-embed-core-10.1.26.jar:10.1.26]
	at org.apache.catalina.core.ApplicationFilterChain.doFilter(ApplicationFilterChain.java:140) ~[tomcat-embed-core-10.1.26.jar:10.1.26]
	at org.springframework.web.filter.CharacterEncodingFilter.doFilterInternal(CharacterEncodingFilter.java:201) ~[spring-web-6.1.11.jar:6.1.11]
	at org.springframework.web.filter.OncePerRequestFilter.doFilter(OncePerRequestFilter.java:116) ~[spring-web-6.1.11.jar:6.1.11]
	at org.apache.catalina.core.ApplicationFilterChain.internalDoFilter(ApplicationFilterChain.java:164) ~[tomcat-embed-core-10.1.26.jar:10.1.26]
	at org.apache.catalina.core.ApplicationFilterChain.doFilter(ApplicationFilterChain.java:140) ~[tomcat-embed-core-10.1.26.jar:10.1.26]
	at org.apache.catalina.core.StandardWrapperValve.invoke(StandardWrapperValve.java:167) ~[tomcat-embed-core-10.1.26.jar:10.1.26]
	at org.apache.catalina.core.StandardContextValve.invoke(StandardContextValve.java:90) ~[tomcat-embed-core-10.1.26.jar:10.1.26]
	at org.apache.catalina.authenticator.AuthenticatorBase.invoke(AuthenticatorBase.java:483) ~[tomcat-embed-core-10.1.26.jar:10.1.26]
	at org.apache.catalina.core.StandardHostValve.invoke(StandardHostValve.java:115) ~[tomcat-embed-core-10.1.26.jar:10.1.26]
	at org.apache.catalina.valves.ErrorReportValve.invoke(ErrorReportValve.java:93) ~[tomcat-embed-core-10.1.26.jar:10.1.26]
	at org.apache.catalina.core.StandardEngineValve.invoke(StandardEngineValve.java:74) ~[tomcat-embed-core-10.1.26.jar:10.1.26]
	at org.apache.catalina.connector.CoyoteAdapter.service(CoyoteAdapter.java:344) ~[tomcat-embed-core-10.1.26.jar:10.1.26]
	at org.apache.coyote.http11.Http11Processor.service(Http11Processor.java:389) ~[tomcat-embed-core-10.1.26.jar:10.1.26]
	at org.apache.coyote.AbstractProcessorLight.process(AbstractProcessorLight.java:63) ~[tomcat-embed-core-10.1.26.jar:10.1.26]
	at org.apache.coyote.AbstractProtocol$ConnectionHandler.process(AbstractProtocol.java:904) ~[tomcat-embed-core-10.1.26.jar:10.1.26]
	at org.apache.tomcat.util.net.NioEndpoint$SocketProcessor.doRun(NioEndpoint.java:1741) ~[tomcat-embed-core-10.1.26.jar:10.1.26]
	at org.apache.tomcat.util.net.SocketProcessorBase.run(SocketProcessorBase.java:52) ~[tomcat-embed-core-10.1.26.jar:10.1.26]
	at org.apache.tomcat.util.threads.ThreadPoolExecutor.runWorker(ThreadPoolExecutor.java:1190) ~[tomcat-embed-core-10.1.26.jar:10.1.26]
	at org.apache.tomcat.util.threads.ThreadPoolExecutor$Worker.run(ThreadPoolExecutor.java:659) ~[tomcat-embed-core-10.1.26.jar:10.1.26]
	at org.apache.tomcat.util.threads.TaskThread$WrappingRunnable.run(TaskThread.java:63) ~[tomcat-embed-core-10.1.26.jar:10.1.26]
	at java.base/java.lang.Thread.run(Thread.java:1570) ~[na:na]
[02/08/2024 05:24:59] [org.springframework.security.web.FilterChainProxy] [DEBUG] - Securing POST /error
[02/08/2024 05:24:59] [org.springframework.security.web.authentication.AnonymousAuthenticationFilter] [DEBUG] - Set SecurityContextHolder to anonymous SecurityContext
[02/08/2024 05:24:59] [org.springframework.security.web.authentication.Http403ForbiddenEntryPoint] [DEBUG] - Pre-authenticated entry point called. Rejecting access
[02/08/2024 05:26:49] [org.springframework.security.web.FilterChainProxy] [DEBUG] - Securing POST /cam/register
[02/08/2024 05:26:49] [org.springframework.security.web.authentication.AnonymousAuthenticationFilter] [DEBUG] - Set SecurityContextHolder to anonymous SecurityContext
[02/08/2024 05:26:49] [org.springframework.security.web.FilterChainProxy] [DEBUG] - Secured POST /cam/register
[02/08/2024 05:27:00] [org.springframework.security.web.FilterChainProxy] [DEBUG] - Securing POST /cam/login
[02/08/2024 05:27:00] [org.springframework.security.web.authentication.AnonymousAuthenticationFilter] [DEBUG] - Set SecurityContextHolder to anonymous SecurityContext
[02/08/2024 05:27:00] [org.springframework.security.web.FilterChainProxy] [DEBUG] - Secured POST /cam/login
[02/08/2024 05:27:00] [org.springframework.security.authentication.dao.DaoAuthenticationProvider] [DEBUG] - Authenticated user
[02/08/2024 05:29:04] [org.springframework.security.web.FilterChainProxy] [DEBUG] - Securing POST /cam/login
[02/08/2024 05:29:04] [org.springframework.security.web.authentication.AnonymousAuthenticationFilter] [DEBUG] - Set SecurityContextHolder to anonymous SecurityContext
[02/08/2024 05:29:04] [org.springframework.security.web.FilterChainProxy] [DEBUG] - Secured POST /cam/login
[02/08/2024 05:29:04] [org.springframework.security.authentication.dao.DaoAuthenticationProvider] [DEBUG] - Failed to authenticate since password does not match stored value
[02/08/2024 05:29:04] [org.springframework.security.web.authentication.Http403ForbiddenEntryPoint] [DEBUG] - Pre-authenticated entry point called. Rejecting access
[02/08/2024 05:29:04] [org.springframework.security.web.FilterChainProxy] [DEBUG] - Securing POST /error
[02/08/2024 05:29:04] [org.springframework.security.web.authentication.AnonymousAuthenticationFilter] [DEBUG] - Set SecurityContextHolder to anonymous SecurityContext
[02/08/2024 05:29:04] [org.springframework.security.web.authentication.Http403ForbiddenEntryPoint] [DEBUG] - Pre-authenticated entry point called. Rejecting access
[02/08/2024 05:29:13] [org.springframework.security.web.FilterChainProxy] [DEBUG] - Securing POST /cam/login
[02/08/2024 05:29:13] [org.springframework.security.web.authentication.AnonymousAuthenticationFilter] [DEBUG] - Set SecurityContextHolder to anonymous SecurityContext
[02/08/2024 05:29:13] [org.springframework.security.web.FilterChainProxy] [DEBUG] - Secured POST /cam/login
[02/08/2024 05:29:13] [org.springframework.security.authentication.dao.DaoAuthenticationProvider] [DEBUG] - Authenticated user
[02/08/2024 05:31:53] [org.springframework.security.web.FilterChainProxy] [DEBUG] - Securing POST /cam/login
[02/08/2024 05:31:53] [org.springframework.security.web.authentication.AnonymousAuthenticationFilter] [DEBUG] - Set SecurityContextHolder to anonymous SecurityContext
[02/08/2024 05:31:53] [org.springframework.security.web.FilterChainProxy] [DEBUG] - Secured POST /cam/login
[02/08/2024 05:31:53] [org.springframework.security.authentication.dao.DaoAuthenticationProvider] [DEBUG] - Authenticated user
